TN:
SF:script/Counter.s.sol
FN:7,CounterScript.setUp
FNDA:0,CounterScript.setUp
FN:9,CounterScript.run
FNDA:0,CounterScript.run
DA:10,0
FNF:2
FNH:0
LF:1
LH:0
BRF:0
BRH:0
end_of_record
TN:
SF:src/Counter.sol
FN:7,Counter.setNumber
FNDA:256,Counter.setNumber
DA:8,256
FN:11,Counter.increment
FNDA:1,Counter.increment
DA:12,1
FNF:2
FNH:2
LF:2
LH:2
BRF:0
BRH:0
end_of_record
TN:
SF:src/SanctionsToken.sol
FN:34,SanctionsToken.mint
FNDA:256,SanctionsToken.mint
DA:35,256
BRDA:35,0,0,-
BRDA:35,0,1,256
DA:36,0
DA:38,256
FN:49,SanctionsToken.ban
FNDA:0,SanctionsToken.ban
DA:50,0
BRDA:50,1,0,-
BRDA:50,1,1,-
DA:51,0
DA:53,0
BRDA:53,2,0,-
BRDA:53,2,1,-
DA:54,0
DA:56,0
DA:57,0
FN:67,SanctionsToken.transfer
FNDA:0,SanctionsToken.transfer
DA:68,0
BRDA:68,3,0,-
BRDA:68,3,1,-
DA:69,0
DA:71,0
BRDA:71,4,0,-
BRDA:71,4,1,-
DA:72,0
DA:74,0
FNF:3
FNH:1
LF:14
LH:2
BRF:10
BRH:1
end_of_record
